{"D:\\BUILD_SETUP_REACT\\REACT_WEPACK_COMPLTE_WITH_TESTCASE\\src\\test-cmp.js": {"path":"D:\\BUILD_SETUP_REACT\\REACT_WEPACK_COMPLTE_WITH_TESTCASE\\src\\test-cmp.js","statementMap":{"0":{"start":{"line":5,"column":23},"end":{"line":16,"column":1}},"1":{"start":{"line":6,"column":2},"end":{"line":15,"column":7}}},"fnMap":{"0":{"name":"(anonymous_0)","decl":{"start":{"line":5,"column":23},"end":{"line":5,"column":24}},"loc":{"start":{"line":6,"column":2},"end":{"line":15,"column":7}},"line":6}},"branchMap":{},"s":{"0":1,"1":1},"f":{"0":1},"b":{},"_coverageSchema":"43e27e138ebf9cfc5966b082cf9a028302ed4184","hash":"30275e156e4d7906d07deaa1e650dd9eb96b495b"}
,"D:\\BUILD_SETUP_REACT\\REACT_WEPACK_COMPLTE_WITH_TESTCASE\\src\\utils.js": {"path":"D:\\BUILD_SETUP_REACT\\REACT_WEPACK_COMPLTE_WITH_TESTCASE\\src\\utils.js","statementMap":{"0":{"start":{"line":2,"column":2},"end":{"line":2,"column":15}},"1":{"start":{"line":6,"column":2},"end":{"line":6,"column":15}}},"fnMap":{"0":{"name":"sum","decl":{"start":{"line":1,"column":16},"end":{"line":1,"column":19}},"loc":{"start":{"line":1,"column":26},"end":{"line":3,"column":1}},"line":1},"1":{"name":"diff","decl":{"start":{"line":5,"column":16},"end":{"line":5,"column":20}},"loc":{"start":{"line":5,"column":27},"end":{"line":7,"column":1}},"line":5}},"branchMap":{},"s":{"0":1,"1":1},"f":{"0":1,"1":1},"b":{},"_coverageSchema":"43e27e138ebf9cfc5966b082cf9a028302ed4184","hash":"af180087dadefd1700f5723e629d1d4e20c8b347"}
,"D:\\BUILD_SETUP_REACT\\REACT_WEPACK_COMPLTE_WITH_TESTCASE\\src\\customtest\\myutil.js": {"path":"D:\\BUILD_SETUP_REACT\\REACT_WEPACK_COMPLTE_WITH_TESTCASE\\src\\customtest\\myutil.js","statementMap":{"0":{"start":{"line":2,"column":2},"end":{"line":2,"column":15}},"1":{"start":{"line":6,"column":2},"end":{"line":6,"column":15}}},"fnMap":{"0":{"name":"multiply","decl":{"start":{"line":1,"column":16},"end":{"line":1,"column":24}},"loc":{"start":{"line":1,"column":31},"end":{"line":3,"column":1}},"line":1},"1":{"name":"divide","decl":{"start":{"line":5,"column":16},"end":{"line":5,"column":22}},"loc":{"start":{"line":5,"column":29},"end":{"line":7,"column":1}},"line":5}},"branchMap":{},"s":{"0":1,"1":1},"f":{"0":1,"1":1},"b":{},"_coverageSchema":"43e27e138ebf9cfc5966b082cf9a028302ed4184","hash":"4cbc9b2fc73ff34bc7d8848fe142c60d879f045f"}
}
