TN:
SF:D:\BUILD_SETUP_REACT\REACT_WEPACK_COMPLTE_WITH_TESTCASE\src\test-cmp.js
FN:5,(anonymous_0)
FNF:1
FNH:1
FNDA:1,(anonymous_0)
DA:5,1
DA:6,1
LF:2
LH:2
BRF:0
BRH:0
end_of_record
TN:
SF:D:\BUILD_SETUP_REACT\REACT_WEPACK_COMPLTE_WITH_TESTCASE\src\utils.js
FN:1,sum
FN:5,diff
FNF:2
FNH:2
FNDA:1,sum
FNDA:1,diff
DA:2,1
DA:6,1
LF:2
LH:2
BRF:0
BRH:0
end_of_record
TN:
SF:D:\BUILD_SETUP_REACT\REACT_WEPACK_COMPLTE_WITH_TESTCASE\src\customtest\myutil.js
FN:1,multiply
FN:5,divide
FNF:2
FNH:2
FNDA:1,multiply
FNDA:1,divide
DA:2,1
DA:6,1
LF:2
LH:2
BRF:0
BRH:0
end_of_record
